[INFO] Scanning for projects...
[INFO] 
[INFO] --------------------< com.animesh:crime-management >--------------------
[INFO] Building  0.0.1-SNAPSHOT
[INFO]   from pom.xml
[INFO] --------------------------------[ jar ]---------------------------------
[INFO] 
[INFO] --- clean:3.5.0:clean (default-clean) @ crime-management ---
[INFO] Deleting C:\Users\animesh.singh\Downloads\crime-management\crime-management\target
[INFO] 
[INFO] >>> spring-boot:4.0.4:run (default-cli) > test-compile @ crime-management >>>
[INFO] 
[INFO] --- resources:3.3.1:resources (default-resources) @ crime-management ---
[INFO] Copying 1 resource from src\main\resources to target\classes
[INFO] Copying 0 resource from src\main\resources to target\classes
[INFO] 
[INFO] --- compiler:3.14.1:compile (default-compile) @ crime-management ---
[INFO] Recompiling the module because of changed source code.
[INFO] Compiling 12 source files with javac [debug parameters release 17] to target\classes
[INFO] 
[INFO] --- resources:3.3.1:testResources (default-testResources) @ crime-management ---
[INFO] skip non existing resourceDirectory C:\Users\animesh.singh\Downloads\crime-management\crime-management\src\test\resources
[INFO] 
[INFO] --- compiler:3.14.1:testCompile (default-testCompile) @ crime-management ---
[INFO] Recompiling the module because of changed dependency.
[INFO] Compiling 1 source file with javac [debug parameters release 17] to target\test-classes
[INFO] 
[INFO] <<< spring-boot:4.0.4:run (default-cli) < test-compile @ crime-management <<<
[INFO] 
[INFO] 
[INFO] --- spring-boot:4.0.4:run (default-cli) @ crime-management ---
[INFO] Attaching agents: []

  .   ____          _            __ _ _
 /\\ / ___'_ __ _ _(_)_ __  __ _ \ \ \ \
( ( )\___ | '_ | '_| | '_ \/ _` | \ \ \ \
 \\/  ___)| |_)| | | | | || (_| |  ) ) ) )
  '  |____| .__|_| |_|_| |_\__, | / / / /
 =========|_|==============|___/=/_/_/_/

 :: Spring Boot ::                (v4.0.4)

2026-03-25T00:21:35.445+05:30  INFO 6856 --- [crime-management] [           main] c.a.c.CrimeManagementApplication         : Starting CrimeManagementApplication using Java 17.0.12 with PID 6856 (C:\Users\animesh.singh\Downloads\crime-management\crime-management\target\classes started by animesh.singh in C:\Users\animesh.singh\Downloads\crime-management\crime-management)
2026-03-25T00:21:35.447+05:30  INFO 6856 --- [crime-management] [           main] c.a.c.CrimeManagementApplication         : No active profile set, falling back to 1 default profile: "default"
2026-03-25T00:21:36.005+05:30  INFO 6856 --- [crime-management] [           main] .s.d.r.c.RepositoryConfigurationDelegate : Bootstrapping Spring Data JPA repositories in DEFAULT mode.
2026-03-25T00:21:36.063+05:30  INFO 6856 --- [crime-management] [           main] .s.d.r.c.RepositoryConfigurationDelegate : Finished Spring Data repository scanning in 51 ms. Found 4 JPA repository interfaces.
2026-03-25T00:21:36.503+05:30  INFO 6856 --- [crime-management] [           main] o.s.boot.tomcat.TomcatWebServer          : Tomcat initialized with port 8080 (http)
2026-03-25T00:21:36.513+05:30  INFO 6856 --- [crime-management] [           main] o.apache.catalina.core.StandardService   : Starting service [Tomcat]
2026-03-25T00:21:36.513+05:30  INFO 6856 --- [crime-management] [           main] o.apache.catalina.core.StandardEngine    : Starting Servlet engine: [Apache Tomcat/11.0.18]
2026-03-25T00:21:36.574+05:30  INFO 6856 --- [crime-management] [           main] b.w.c.s.WebApplicationContextInitializer : Root WebApplicationContext: initialization completed in 1076 ms
2026-03-25T00:21:36.737+05:30  INFO 6856 --- [crime-management] [           main] org.hibernate.orm.jpa                    : HHH008540: Processing PersistenceUnitInfo [name: default]
2026-03-25T00:21:36.790+05:30  INFO 6856 --- [crime-management] [           main] org.hibernate.orm.core                   : HHH000001: Hibernate ORM core version 7.2.7.Final
2026-03-25T00:21:37.248+05:30  INFO 6856 --- [crime-management] [           main] o.s.o.j.p.SpringPersistenceUnitInfo      : No LoadTimeWeaver setup: ignoring JPA class transformer
2026-03-25T00:21:37.285+05:30  INFO 6856 --- [crime-management] [           main] com.zaxxer.hikari.HikariDataSource       : HikariPool-1 - Starting...
2026-03-25T00:21:37.451+05:30  INFO 6856 --- [crime-management] [           main] com.zaxxer.hikari.pool.HikariPool        : HikariPool-1 - Added connection org.postgresql.jdbc.PgConnection@4df0d9f8
2026-03-25T00:21:37.455+05:30  INFO 6856 --- [crime-management] [           main] com.zaxxer.hikari.HikariDataSource       : HikariPool-1 - Start completed.
2026-03-25T00:21:37.485+05:30  WARN 6856 --- [crime-management] [           main] org.hibernate.orm.deprecation            : HHH90000025: PostgreSQLDialect does not need to be specified explicitly using 'hibernate.dialect' (remove the property setting and it will be selected by default)
2026-03-25T00:21:37.507+05:30  INFO 6856 --- [crime-management] [           main] org.hibernate.orm.connections.pooling    : HHH10001005: Database info:
	Database JDBC URL [jdbc:postgresql://localhost:5432/crime_db]
	Database driver: PostgreSQL JDBC Driver
	Database dialect: PostgreSQLDialect
	Database version: 16.13
	Default catalog/schema: crime_db/public
	Autocommit mode: undefined/unknown
	Isolation level: READ_COMMITTED [default READ_COMMITTED]
	JDBC fetch size: none
	Pool: DataSourceConnectionProvider
	Minimum pool size: undefined/unknown
	Maximum pool size: undefined/unknown
2026-03-25T00:21:38.458+05:30  INFO 6856 --- [crime-management] [           main] org.hibernate.orm.core                   : HHH000489: No JTA platform available (set 'hibernate.transaction.jta.platform' to enable JTA platform integration)
2026-03-25T00:21:38.513+05:30  INFO 6856 --- [crime-management] [           main] j.LocalContainerEntityManagerFactoryBean : Initialized JPA EntityManagerFactory for persistence unit 'default'
2026-03-25T00:21:38.582+05:30  INFO 6856 --- [crime-management] [           main] o.s.d.j.r.query.QueryEnhancerFactories   : Hibernate is in classpath; If applicable, HQL parser will be used.
2026-03-25T00:21:38.776+05:30  WARN 6856 --- [crime-management] [           main] JpaBaseConfiguration$JpaWebConfiguration : spring.jpa.open-in-view is enabled by default. Therefore, database queries may be performed during view rendering. Explicitly configure spring.jpa.open-in-view to disable this warning
2026-03-25T00:21:39.054+05:30  INFO 6856 --- [crime-management] [           main] o.s.boot.tomcat.TomcatWebServer          : Tomcat started on port 8080 (http) with context path '/'
2026-03-25T00:21:39.063+05:30  INFO 6856 --- [crime-management] [           main] c.a.c.CrimeManagementApplication         : Started CrimeManagementApplication in 4.1 seconds (process running for 4.487)
2026-03-25T00:22:09.013+05:30  INFO 6856 --- [crime-management] [nio-8080-exec-1] o.a.c.c.C.[Tomcat].[localhost].[/]       : Initializing Spring DispatcherServlet 'dispatcherServlet'
2026-03-25T00:22:09.015+05:30  INFO 6856 --- [crime-management] [nio-8080-exec-1] o.s.web.servlet.DispatcherServlet        : Initializing Servlet 'dispatcherServlet'
2026-03-25T00:22:09.015+05:30  INFO 6856 --- [crime-management] [nio-8080-exec-1] o.s.web.servlet.DispatcherServlet        : Completed initialization in 0 ms
Hibernate: select le1_0.id,le1_0.action,le1_0.entity_id,le1_0.entity_type,le1_0.performed_by,le1_0.timestamp from log_entry le1_0
[INFO] ------------------------------------------------------------------------
[INFO] BUILD FAILURE
[INFO] ------------------------------------------------------------------------
[INFO] Total time:  15:40 min
[INFO] Finished at: 2026-03-25T00:37:08+05:30
[INFO] ------------------------------------------------------------------------
[ERROR] Failed to execute goal org.springframework.boot:spring-boot-maven-plugin:4.0.4:run (default-cli) on project crime-management: Process terminated with exit code: 1 -> [Help 1]
[ERROR] 
[ERROR] To see the full stack trace of the errors, re-run Maven with the -e switch.
[ERROR] Re-run Maven using the -X switch to enable full debug logging.
[ERROR] 
[ERROR] For more information about the errors and possible solutions, please read the following articles:
[ERROR] [Help 1] http://cwiki.apache.org/confluence/display/MAVEN/MojoExecutionException
