[INFO] Scanning for projects...
[INFO] 
[INFO] --------------------< com.animesh:crime-management >--------------------
[INFO] Building  0.0.1-SNAPSHOT
[INFO]   from pom.xml
[INFO] --------------------------------[ jar ]---------------------------------
[INFO] 
[INFO] --- resources:3.3.1:resources (default-resources) @ crime-management ---
[INFO] Copying 1 resource from src\main\resources to target\classes
[INFO] Copying 0 resource from src\main\resources to target\classes
[INFO] 
[INFO] --- compiler:3.14.1:compile (default-compile) @ crime-management ---
[INFO] Recompiling the module because of changed source code.
[INFO] Compiling 19 source files with javac [debug parameters release 17] to target\classes
[INFO] -------------------------------------------------------------
[ERROR] COMPILATION ERROR : 
[INFO] -------------------------------------------------------------
[ERROR] /C:/Users/animesh.singh/Downloads/crime-management/crime-management/src/main/java/com/animesh/crime_management/controller/EvidenceController.java:[13,38] package com.fasterxml.jackson.databind does not exist
[ERROR] /C:/Users/animesh.singh/Downloads/crime-management/crime-management/src/main/java/com/animesh/crime_management/controller/EvidenceController.java:[14,45] package com.fasterxml.jackson.datatype.jsr310 does not exist
[ERROR] /C:/Users/animesh.singh/Downloads/crime-management/crime-management/src/main/java/com/animesh/crime_management/controller/EvidenceController.java:[35,19] cannot find symbol
  symbol:   class ObjectMapper
  location: class com.animesh.crime_management.controller.EvidenceController
[INFO] 3 errors 
[INFO] -------------------------------------------------------------
[INFO] ------------------------------------------------------------------------
[INFO] BUILD FAILURE
[INFO] ------------------------------------------------------------------------
[INFO] Total time:  4.484 s
[INFO] Finished at: 2026-03-25T11:32:26+05:30
[INFO] ------------------------------------------------------------------------
[ERROR] Failed to execute goal org.apache.maven.plugins:maven-compiler-plugin:3.14.1:compile (default-compile) on project crime-management: Compilation failure: Compilation failure: 
[ERROR] /C:/Users/animesh.singh/Downloads/crime-management/crime-management/src/main/java/com/animesh/crime_management/controller/EvidenceController.java:[13,38] package com.fasterxml.jackson.databind does not exist
[ERROR] /C:/Users/animesh.singh/Downloads/crime-management/crime-management/src/main/java/com/animesh/crime_management/controller/EvidenceController.java:[14,45] package com.fasterxml.jackson.datatype.jsr310 does not exist
[ERROR] /C:/Users/animesh.singh/Downloads/crime-management/crime-management/src/main/java/com/animesh/crime_management/controller/EvidenceController.java:[35,19] cannot find symbol
[ERROR]   symbol:   class ObjectMapper
[ERROR]   location: class com.animesh.crime_management.controller.EvidenceController
[ERROR] -> [Help 1]
[ERROR] 
[ERROR] To see the full stack trace of the errors, re-run Maven with the -e switch.
[ERROR] Re-run Maven using the -X switch to enable full debug logging.
[ERROR] 
[ERROR] For more information about the errors and possible solutions, please read the following articles:
[ERROR] [Help 1] http://cwiki.apache.org/confluence/display/MAVEN/MojoFailureException
