[INFO] Scanning for projects...
[INFO] 
[INFO] --------------------< com.animesh:crime-management >--------------------
[INFO] Building  0.0.1-SNAPSHOT
[INFO]   from pom.xml
[INFO] --------------------------------[ jar ]---------------------------------
[INFO] 
[INFO] --- clean:3.5.0:clean (default-clean) @ crime-management ---
[INFO] Deleting C:\Users\animesh.singh\Downloads\crime-management\crime-management\target
[INFO] ------------------------------------------------------------------------
[INFO] BUILD FAILURE
[INFO] ------------------------------------------------------------------------
[INFO] Total time:  5.416 s
[INFO] Finished at: 2026-03-25T12:18:53+05:30
[INFO] ------------------------------------------------------------------------
[ERROR] Failed to execute goal org.apache.maven.plugins:maven-clean-plugin:3.5.0:clean (default-clean) on project crime-management: Failed to clean project: Failed to delete C:\Users\animesh.singh\Downloads\crime-management\crime-management\target\classes\com\animesh\crime_management -> [Help 1]
[ERROR] 
[ERROR] To see the full stack trace of the errors, re-run Maven with the -e switch.
[ERROR] Re-run Maven using the -X switch to enable full debug logging.
[ERROR] 
[ERROR] For more information about the errors and possible solutions, please read the following articles:
[ERROR] [Help 1] http://cwiki.apache.org/confluence/display/MAVEN/MojoExecutionException
