[INFO] Scanning for projects...
[INFO] 
[INFO] --------------------< com.animesh:crime-management >--------------------
[INFO] Building  0.0.1-SNAPSHOT
[INFO]   from pom.xml
[INFO] --------------------------------[ jar ]---------------------------------
[INFO] 
[INFO] >>> spring-boot:4.0.4:run (default-cli) > test-compile @ crime-management >>>
[INFO] 
[INFO] --- resources:3.3.1:resources (default-resources) @ crime-management ---
[INFO] Copying 1 resource from src\main\resources to target\classes
[INFO] Copying 0 resource from src\main\resources to target\classes
[INFO] 
[INFO] --- compiler:3.14.1:compile (default-compile) @ crime-management ---
[INFO] Nothing to compile - all classes are up to date.
[INFO] 
[INFO] --- resources:3.3.1:testResources (default-testResources) @ crime-management ---
[INFO] skip non existing resourceDirectory C:\Users\animesh.singh\Downloads\crime-management\crime-management\src\test\resources
[INFO] 
[INFO] --- compiler:3.14.1:testCompile (default-testCompile) @ crime-management ---
[INFO] Recompiling the module because of changed source code.
[INFO] Compiling 1 source file with javac [debug parameters release 17] to target\test-classes
[INFO] 
[INFO] <<< spring-boot:4.0.4:run (default-cli) < test-compile @ crime-management <<<
[INFO] 
[INFO] 
[INFO] --- spring-boot:4.0.4:run (default-cli) @ crime-management ---
[INFO] ------------------------------------------------------------------------
[INFO] BUILD FAILURE
[INFO] ------------------------------------------------------------------------
[INFO] Total time:  10.773 s
[INFO] Finished at: 2026-03-25T12:56:33+05:30
[INFO] ------------------------------------------------------------------------
[ERROR] Failed to execute goal org.springframework.boot:spring-boot-maven-plugin:4.0.4:run (default-cli) on project crime-management: Unable to find a suitable main class, please add a 'mainClass' property -> [Help 1]
[ERROR] 
[ERROR] To see the full stack trace of the errors, re-run Maven with the -e switch.
[ERROR] Re-run Maven using the -X switch to enable full debug logging.
[ERROR] 
[ERROR] For more information about the errors and possible solutions, please read the following articles:
[ERROR] [Help 1] http://cwiki.apache.org/confluence/display/MAVEN/MojoExecutionException
