[INFO] Scanning for projects...
[INFO] 
[INFO] --------------------< com.animesh:crime-management >--------------------
[INFO] Building  0.0.1-SNAPSHOT
[INFO]   from pom.xml
[INFO] --------------------------------[ jar ]---------------------------------
[INFO] 
[INFO] --- clean:3.5.0:clean (default-clean) @ crime-management ---
[INFO] Deleting C:\Users\animesh.singh\Downloads\crime-management\crime-management\target
[INFO] 
[INFO] >>> spring-boot:4.0.4:run (default-cli) > test-compile @ crime-management >>>
[INFO] 
[INFO] --- resources:3.3.1:resources (default-resources) @ crime-management ---
[INFO] Copying 1 resource from src\main\resources to target\classes
[INFO] Copying 0 resource from src\main\resources to target\classes
[INFO] 
[INFO] --- compiler:3.14.1:compile (default-compile) @ crime-management ---
[INFO] Recompiling the module because of changed source code.
[INFO] Compiling 19 source files with javac [debug parameters release 17] to target\classes
[INFO] 
[INFO] --- resources:3.3.1:testResources (default-testResources) @ crime-management ---
[INFO] skip non existing resourceDirectory C:\Users\animesh.singh\Downloads\crime-management\crime-management\src\test\resources
[INFO] 
[INFO] --- compiler:3.14.1:testCompile (default-testCompile) @ crime-management ---
[INFO] Recompiling the module because of changed dependency.
[INFO] Compiling 1 source file with javac [debug parameters release 17] to target\test-classes
[INFO] 
[INFO] <<< spring-boot:4.0.4:run (default-cli) < test-compile @ crime-management <<<
[INFO] 
[INFO] 
[INFO] --- spring-boot:4.0.4:run (default-cli) @ crime-management ---
[INFO] Attaching agents: []

  .   ____          _            __ _ _
 /\\ / ___'_ __ _ _(_)_ __  __ _ \ \ \ \
( ( )\___ | '_ | '_| | '_ \/ _` | \ \ \ \
 \\/  ___)| |_)| | | | | || (_| |  ) ) ) )
  '  |____| .__|_| |_|_| |_\__, | / / / /
 =========|_|==============|___/=/_/_/_/

 :: Spring Boot ::                (v4.0.4)

2026-03-25T11:02:48.975+05:30  INFO 15760 --- [crime-management] [           main] c.a.c.CrimeManagementApplication         : Starting CrimeManagementApplication using Java 17.0.12 with PID 15760 (C:\Users\animesh.singh\Downloads\crime-management\crime-management\target\classes started by animesh.singh in C:\Users\animesh.singh\Downloads\crime-management\crime-management)
2026-03-25T11:02:48.980+05:30  INFO 15760 --- [crime-management] [           main] c.a.c.CrimeManagementApplication         : No active profile set, falling back to 1 default profile: "default"
2026-03-25T11:02:49.751+05:30  INFO 15760 --- [crime-management] [           main] .s.d.r.c.RepositoryConfigurationDelegate : Bootstrapping Spring Data JPA repositories in DEFAULT mode.
2026-03-25T11:02:49.818+05:30  INFO 15760 --- [crime-management] [           main] .s.d.r.c.RepositoryConfigurationDelegate : Finished Spring Data repository scanning in 57 ms. Found 4 JPA repository interfaces.
2026-03-25T11:02:50.448+05:30  INFO 15760 --- [crime-management] [           main] o.s.boot.tomcat.TomcatWebServer          : Tomcat initialized with port 8080 (http)
2026-03-25T11:02:50.460+05:30  INFO 15760 --- [crime-management] [           main] o.apache.catalina.core.StandardService   : Starting service [Tomcat]
2026-03-25T11:02:50.463+05:30  INFO 15760 --- [crime-management] [           main] o.apache.catalina.core.StandardEngine    : Starting Servlet engine: [Apache Tomcat/11.0.18]
2026-03-25T11:02:50.533+05:30  INFO 15760 --- [crime-management] [           main] b.w.c.s.WebApplicationContextInitializer : Root WebApplicationContext: initialization completed in 1497 ms
2026-03-25T11:02:50.755+05:30  INFO 15760 --- [crime-management] [           main] org.hibernate.orm.jpa                    : HHH008540: Processing PersistenceUnitInfo [name: default]
2026-03-25T11:02:50.815+05:30  INFO 15760 --- [crime-management] [           main] org.hibernate.orm.core                   : HHH000001: Hibernate ORM core version 7.2.7.Final
2026-03-25T11:02:51.368+05:30  INFO 15760 --- [crime-management] [           main] o.s.o.j.p.SpringPersistenceUnitInfo      : No LoadTimeWeaver setup: ignoring JPA class transformer
2026-03-25T11:02:51.413+05:30  INFO 15760 --- [crime-management] [           main] com.zaxxer.hikari.HikariDataSource       : HikariPool-1 - Starting...
2026-03-25T11:02:51.598+05:30  INFO 15760 --- [crime-management] [           main] com.zaxxer.hikari.pool.HikariPool        : HikariPool-1 - Added connection org.postgresql.jdbc.PgConnection@76dc36e5
2026-03-25T11:02:51.598+05:30  INFO 15760 --- [crime-management] [           main] com.zaxxer.hikari.HikariDataSource       : HikariPool-1 - Start completed.
2026-03-25T11:02:51.634+05:30  WARN 15760 --- [crime-management] [           main] org.hibernate.orm.deprecation            : HHH90000025: PostgreSQLDialect does not need to be specified explicitly using 'hibernate.dialect' (remove the property setting and it will be selected by default)
2026-03-25T11:02:51.661+05:30  INFO 15760 --- [crime-management] [           main] org.hibernate.orm.connections.pooling    : HHH10001005: Database info:
	Database JDBC URL [jdbc:postgresql://localhost:5432/crime_db]
	Database driver: PostgreSQL JDBC Driver
	Database dialect: PostgreSQLDialect
	Database version: 16.13
	Default catalog/schema: crime_db/public
	Autocommit mode: undefined/unknown
	Isolation level: READ_COMMITTED [default READ_COMMITTED]
	JDBC fetch size: none
	Pool: DataSourceConnectionProvider
	Minimum pool size: undefined/unknown
	Maximum pool size: undefined/unknown
2026-03-25T11:02:52.901+05:30  INFO 15760 --- [crime-management] [           main] org.hibernate.orm.core                   : HHH000489: No JTA platform available (set 'hibernate.transaction.jta.platform' to enable JTA platform integration)
2026-03-25T11:02:52.968+05:30  INFO 15760 --- [crime-management] [           main] j.LocalContainerEntityManagerFactoryBean : Initialized JPA EntityManagerFactory for persistence unit 'default'
2026-03-25T11:02:53.070+05:30  INFO 15760 --- [crime-management] [           main] o.s.d.j.r.query.QueryEnhancerFactories   : Hibernate is in classpath; If applicable, HQL parser will be used.
2026-03-25T11:02:53.269+05:30  INFO 15760 --- [crime-management] [           main] r$InitializeUserDetailsManagerConfigurer : Global AuthenticationManager configured with UserDetailsService bean with name customUserDetailsService
2026-03-25T11:02:53.349+05:30  WARN 15760 --- [crime-management] [           main] JpaBaseConfiguration$JpaWebConfiguration : spring.jpa.open-in-view is enabled by default. Therefore, database queries may be performed during view rendering. Explicitly configure spring.jpa.open-in-view to disable this warning
2026-03-25T11:02:53.915+05:30  INFO 15760 --- [crime-management] [           main] o.s.boot.tomcat.TomcatWebServer          : Tomcat started on port 8080 (http) with context path '/'
2026-03-25T11:02:53.918+05:30  INFO 15760 --- [crime-management] [           main] c.a.c.CrimeManagementApplication         : Started CrimeManagementApplication in 5.478 seconds (process running for 5.978)
2026-03-25T11:03:53.415+05:30  INFO 15760 --- [crime-management] [nio-8080-exec-1] o.a.c.c.C.[Tomcat].[localhost].[/]       : Initializing Spring DispatcherServlet 'dispatcherServlet'
2026-03-25T11:03:53.416+05:30  INFO 15760 --- [crime-management] [nio-8080-exec-1] o.s.web.servlet.DispatcherServlet        : Initializing Servlet 'dispatcherServlet'
2026-03-25T11:03:53.421+05:30  INFO 15760 --- [crime-management] [nio-8080-exec-1] o.s.web.servlet.DispatcherServlet        : Completed initialization in 3 ms
Hibernate: select u1_0.id,u1_0.email,u1_0.name,u1_0.password,u1_0.role from users u1_0 where u1_0.name=?
Hibernate: select u1_0.id,u1_0.email,u1_0.name,u1_0.password,u1_0.role from users u1_0 where u1_0.name=?
Hibernate: select u1_0.id,u1_0.email,u1_0.name,u1_0.password,u1_0.role from users u1_0 where u1_0.name=?
Hibernate: select count(*) from case_details cd1_0
Hibernate: select count(*) from evidence e1_0
Hibernate: select count(*) from log_entry le1_0
Hibernate: select count(*) from case_details cd1_0
Hibernate: select count(*) from evidence e1_0
Hibernate: select count(*) from log_entry le1_0
Hibernate: insert into evidence (case_id,description,file_url,type) values (?,?,?,?)
Hibernate: insert into log_entry (action,entity_id,entity_type,performed_by,timestamp) values (?,?,?,?,?)
Hibernate: select le1_0.id,le1_0.action,le1_0.entity_id,le1_0.entity_type,le1_0.performed_by,le1_0.timestamp from log_entry le1_0
Hibernate: select le1_0.id,le1_0.action,le1_0.entity_id,le1_0.entity_type,le1_0.performed_by,le1_0.timestamp from log_entry le1_0
Hibernate: select count(*) from case_details cd1_0
Hibernate: select count(*) from evidence e1_0
Hibernate: select count(*) from log_entry le1_0
Hibernate: select count(*) from case_details cd1_0
Hibernate: select count(*) from evidence e1_0
Hibernate: select count(*) from log_entry le1_0
Hibernate: select le1_0.id,le1_0.action,le1_0.entity_id,le1_0.entity_type,le1_0.performed_by,le1_0.timestamp from log_entry le1_0
Hibernate: select le1_0.id,le1_0.action,le1_0.entity_id,le1_0.entity_type,le1_0.performed_by,le1_0.timestamp from log_entry le1_0
Hibernate: select count(*) from case_details cd1_0
Hibernate: select count(*) from evidence e1_0
Hibernate: select count(*) from log_entry le1_0
Hibernate: select count(*) from case_details cd1_0
Hibernate: select count(*) from evidence e1_0
Hibernate: select count(*) from log_entry le1_0
2026-03-25T11:11:43.376+05:30  WARN 15760 --- [crime-management] [io-8080-exec-10] .w.s.m.s.DefaultHandlerExceptionResolver : Resolved [org.springframework.web.multipart.MaxUploadSizeExceededException: Maximum upload size exceeded]
Hibernate: select u1_0.id,u1_0.email,u1_0.name,u1_0.password,u1_0.role from users u1_0 where u1_0.name=?
Hibernate: select u1_0.id,u1_0.email,u1_0.name,u1_0.password,u1_0.role from users u1_0 where u1_0.name=?
Hibernate: select u1_0.id,u1_0.email,u1_0.name,u1_0.password,u1_0.role from users u1_0 where u1_0.name=?
Hibernate: select count(*) from case_details cd1_0
Hibernate: select count(*) from evidence e1_0
Hibernate: select count(*) from log_entry le1_0
Hibernate: select count(*) from case_details cd1_0
Hibernate: select count(*) from evidence e1_0
Hibernate: select count(*) from log_entry le1_0
Hibernate: select le1_0.id,le1_0.action,le1_0.entity_id,le1_0.entity_type,le1_0.performed_by,le1_0.timestamp from log_entry le1_0
Hibernate: select le1_0.id,le1_0.action,le1_0.entity_id,le1_0.entity_type,le1_0.performed_by,le1_0.timestamp from log_entry le1_0
Hibernate: select count(*) from case_details cd1_0
Hibernate: select count(*) from evidence e1_0
Hibernate: select count(*) from log_entry le1_0
Hibernate: select count(*) from case_details cd1_0
Hibernate: select count(*) from evidence e1_0
Hibernate: select count(*) from log_entry le1_0
2026-03-25T11:13:12.763+05:30  WARN 15760 --- [crime-management] [nio-8080-exec-6] .w.s.m.s.DefaultHandlerExceptionResolver : Resolved [org.springframework.web.multipart.MaxUploadSizeExceededException: Maximum upload size exceeded]
Hibernate: select u1_0.id,u1_0.email,u1_0.name,u1_0.password,u1_0.role from users u1_0 where u1_0.name=?
Hibernate: select u1_0.id,u1_0.email,u1_0.name,u1_0.password,u1_0.role from users u1_0 where u1_0.name=?
Hibernate: select u1_0.id,u1_0.email,u1_0.name,u1_0.password,u1_0.role from users u1_0 where u1_0.name=?
Hibernate: select count(*) from case_details cd1_0
Hibernate: select count(*) from evidence e1_0
Hibernate: select count(*) from log_entry le1_0
Hibernate: select count(*) from case_details cd1_0
Hibernate: select count(*) from evidence e1_0
Hibernate: select count(*) from log_entry le1_0
Hibernate: select le1_0.id,le1_0.action,le1_0.entity_id,le1_0.entity_type,le1_0.performed_by,le1_0.timestamp from log_entry le1_0
Hibernate: select le1_0.id,le1_0.action,le1_0.entity_id,le1_0.entity_type,le1_0.performed_by,le1_0.timestamp from log_entry le1_0
Hibernate: select le1_0.id,le1_0.action,le1_0.entity_id,le1_0.entity_type,le1_0.performed_by,le1_0.timestamp from log_entry le1_0
Hibernate: select le1_0.id,le1_0.action,le1_0.entity_id,le1_0.entity_type,le1_0.performed_by,le1_0.timestamp from log_entry le1_0
Hibernate: select count(*) from case_details cd1_0
Hibernate: select count(*) from evidence e1_0
Hibernate: select count(*) from log_entry le1_0
Hibernate: select count(*) from case_details cd1_0
Hibernate: select count(*) from evidence e1_0
Hibernate: select count(*) from log_entry le1_0
