[INFO] Scanning for projects...
[INFO] 
[INFO] --------------------< com.animesh:crime-management >--------------------
[INFO] Building  0.0.1-SNAPSHOT
[INFO]   from pom.xml
[INFO] --------------------------------[ jar ]---------------------------------
[INFO] 
[INFO] --- clean:3.5.0:clean (default-clean) @ crime-management ---
[INFO] Deleting C:\Users\animesh.singh\Downloads\crime-management\crime-management\target
[INFO] 
[INFO] >>> spring-boot:4.0.4:run (default-cli) > test-compile @ crime-management >>>
[INFO] 
[INFO] --- resources:3.3.1:resources (default-resources) @ crime-management ---
[INFO] Copying 1 resource from src\main\resources to target\classes
[INFO] Copying 0 resource from src\main\resources to target\classes
[INFO] 
[INFO] --- compiler:3.14.1:compile (default-compile) @ crime-management ---
[INFO] Recompiling the module because of changed source code.
[INFO] Compiling 19 source files with javac [debug parameters release 17] to target\classes
[INFO] 
[INFO] --- resources:3.3.1:testResources (default-testResources) @ crime-management ---
[INFO] skip non existing resourceDirectory C:\Users\animesh.singh\Downloads\crime-management\crime-management\src\test\resources
[INFO] 
[INFO] --- compiler:3.14.1:testCompile (default-testCompile) @ crime-management ---
[INFO] Recompiling the module because of changed dependency.
[INFO] Compiling 1 source file with javac [debug parameters release 17] to target\test-classes
[INFO] 
[INFO] <<< spring-boot:4.0.4:run (default-cli) < test-compile @ crime-management <<<
[INFO] 
[INFO] 
[INFO] --- spring-boot:4.0.4:run (default-cli) @ crime-management ---
[INFO] Attaching agents: []

  .   ____          _            __ _ _
 /\\ / ___'_ __ _ _(_)_ __  __ _ \ \ \ \
( ( )\___ | '_ | '_| | '_ \/ _` | \ \ \ \
 \\/  ___)| |_)| | | | | || (_| |  ) ) ) )
  '  |____| .__|_| |_|_| |_\__, | / / / /
 =========|_|==============|___/=/_/_/_/

 :: Spring Boot ::                (v4.0.4)

2026-03-25T11:37:32.092+05:30  INFO 25560 --- [crime-management] [           main] c.a.c.CrimeManagementApplication         : Starting CrimeManagementApplication using Java 17.0.12 with PID 25560 (C:\Users\animesh.singh\Downloads\crime-management\crime-management\target\classes started by animesh.singh in C:\Users\animesh.singh\Downloads\crime-management\crime-management)
2026-03-25T11:37:32.097+05:30  INFO 25560 --- [crime-management] [           main] c.a.c.CrimeManagementApplication         : No active profile set, falling back to 1 default profile: "default"
2026-03-25T11:37:32.747+05:30  INFO 25560 --- [crime-management] [           main] .s.d.r.c.RepositoryConfigurationDelegate : Bootstrapping Spring Data JPA repositories in DEFAULT mode.
2026-03-25T11:37:32.803+05:30  INFO 25560 --- [crime-management] [           main] .s.d.r.c.RepositoryConfigurationDelegate : Finished Spring Data repository scanning in 48 ms. Found 4 JPA repository interfaces.
2026-03-25T11:37:33.359+05:30  INFO 25560 --- [crime-management] [           main] o.s.boot.tomcat.TomcatWebServer          : Tomcat initialized with port 8080 (http)
2026-03-25T11:37:33.369+05:30  INFO 25560 --- [crime-management] [           main] o.apache.catalina.core.StandardService   : Starting service [Tomcat]
2026-03-25T11:37:33.369+05:30  INFO 25560 --- [crime-management] [           main] o.apache.catalina.core.StandardEngine    : Starting Servlet engine: [Apache Tomcat/11.0.18]
2026-03-25T11:37:33.432+05:30  INFO 25560 --- [crime-management] [           main] b.w.c.s.WebApplicationContextInitializer : Root WebApplicationContext: initialization completed in 1273 ms
2026-03-25T11:37:33.635+05:30  INFO 25560 --- [crime-management] [           main] org.hibernate.orm.jpa                    : HHH008540: Processing PersistenceUnitInfo [name: default]
2026-03-25T11:37:33.683+05:30  INFO 25560 --- [crime-management] [           main] org.hibernate.orm.core                   : HHH000001: Hibernate ORM core version 7.2.7.Final
2026-03-25T11:37:34.203+05:30  INFO 25560 --- [crime-management] [           main] o.s.o.j.p.SpringPersistenceUnitInfo      : No LoadTimeWeaver setup: ignoring JPA class transformer
2026-03-25T11:37:34.243+05:30  INFO 25560 --- [crime-management] [           main] com.zaxxer.hikari.HikariDataSource       : HikariPool-1 - Starting...
2026-03-25T11:37:34.424+05:30  INFO 25560 --- [crime-management] [           main] com.zaxxer.hikari.pool.HikariPool        : HikariPool-1 - Added connection org.postgresql.jdbc.PgConnection@8cb7185
2026-03-25T11:37:34.428+05:30  INFO 25560 --- [crime-management] [           main] com.zaxxer.hikari.HikariDataSource       : HikariPool-1 - Start completed.
2026-03-25T11:37:34.457+05:30  WARN 25560 --- [crime-management] [           main] org.hibernate.orm.deprecation            : HHH90000025: PostgreSQLDialect does not need to be specified explicitly using 'hibernate.dialect' (remove the property setting and it will be selected by default)
2026-03-25T11:37:34.482+05:30  INFO 25560 --- [crime-management] [           main] org.hibernate.orm.connections.pooling    : HHH10001005: Database info:
	Database JDBC URL [jdbc:postgresql://localhost:5432/crime_db]
	Database driver: PostgreSQL JDBC Driver
	Database dialect: PostgreSQLDialect
	Database version: 16.13
	Default catalog/schema: crime_db/public
	Autocommit mode: undefined/unknown
	Isolation level: READ_COMMITTED [default READ_COMMITTED]
	JDBC fetch size: none
	Pool: DataSourceConnectionProvider
	Minimum pool size: undefined/unknown
	Maximum pool size: undefined/unknown
2026-03-25T11:37:35.558+05:30  INFO 25560 --- [crime-management] [           main] org.hibernate.orm.core                   : HHH000489: No JTA platform available (set 'hibernate.transaction.jta.platform' to enable JTA platform integration)
Hibernate: alter table if exists evidence add column created_at timestamp(6)
Hibernate: alter table if exists evidence add column created_by varchar(255)
Hibernate: alter table if exists evidence add column updated_at timestamp(6)
Hibernate: alter table if exists evidence add column updated_by varchar(255)
Hibernate: alter table if exists log_entry add column new_value TEXT
Hibernate: alter table if exists log_entry add column previous_value TEXT
Hibernate: alter table if exists users add column status varchar(255)
2026-03-25T11:37:35.628+05:30  INFO 25560 --- [crime-management] [           main] j.LocalContainerEntityManagerFactoryBean : Initialized JPA EntityManagerFactory for persistence unit 'default'
2026-03-25T11:37:35.721+05:30  INFO 25560 --- [crime-management] [           main] o.s.d.j.r.query.QueryEnhancerFactories   : Hibernate is in classpath; If applicable, HQL parser will be used.
2026-03-25T11:37:35.888+05:30  INFO 25560 --- [crime-management] [           main] r$InitializeUserDetailsManagerConfigurer : Global AuthenticationManager configured with UserDetailsService bean with name customUserDetailsService
2026-03-25T11:37:35.958+05:30  WARN 25560 --- [crime-management] [           main] JpaBaseConfiguration$JpaWebConfiguration : spring.jpa.open-in-view is enabled by default. Therefore, database queries may be performed during view rendering. Explicitly configure spring.jpa.open-in-view to disable this warning
2026-03-25T11:37:36.426+05:30  INFO 25560 --- [crime-management] [           main] o.s.boot.tomcat.TomcatWebServer          : Tomcat started on port 8080 (http) with context path '/'
2026-03-25T11:37:36.432+05:30  INFO 25560 --- [crime-management] [           main] c.a.c.CrimeManagementApplication         : Started CrimeManagementApplication in 4.8 seconds (process running for 5.27)
2026-03-25T11:39:48.176+05:30  INFO 25560 --- [crime-management] [nio-8080-exec-1] o.a.c.c.C.[Tomcat].[localhost].[/]       : Initializing Spring DispatcherServlet 'dispatcherServlet'
2026-03-25T11:39:48.177+05:30  INFO 25560 --- [crime-management] [nio-8080-exec-1] o.s.web.servlet.DispatcherServlet        : Initializing Servlet 'dispatcherServlet'
2026-03-25T11:39:48.179+05:30  INFO 25560 --- [crime-management] [nio-8080-exec-1] o.s.web.servlet.DispatcherServlet        : Completed initialization in 2 ms
Hibernate: insert into users (email,name,password,role,status) values (?,?,?,?,?)
Hibernate: select u1_0.id,u1_0.email,u1_0.name,u1_0.password,u1_0.role,u1_0.status from users u1_0 where u1_0.name=?
Hibernate: select u1_0.id,u1_0.email,u1_0.name,u1_0.password,u1_0.role,u1_0.status from users u1_0 where u1_0.name=?
Hibernate: select u1_0.id,u1_0.email,u1_0.name,u1_0.password,u1_0.role,u1_0.status from users u1_0 where u1_0.name=?
Hibernate: insert into users (email,name,password,role,status) values (?,?,?,?,?)
Hibernate: insert into users (email,name,password,role,status) values (?,?,?,?,?)
Hibernate: select u1_0.id,u1_0.email,u1_0.name,u1_0.password,u1_0.role,u1_0.status from users u1_0 where u1_0.name=?
Hibernate: select u1_0.id,u1_0.email,u1_0.name,u1_0.password,u1_0.role,u1_0.status from users u1_0 where u1_0.name=?
Hibernate: select u1_0.id,u1_0.email,u1_0.name,u1_0.password,u1_0.role,u1_0.status from users u1_0 where u1_0.name=?
Hibernate: insert into evidence (case_id,created_at,created_by,description,file_url,type,updated_at,updated_by) values (?,?,?,?,?,?,?,?)
Hibernate: insert into log_entry (action,entity_id,entity_type,new_value,performed_by,previous_value,timestamp) values (?,?,?,?,?,?,?)
Hibernate: select u1_0.id,u1_0.email,u1_0.name,u1_0.password,u1_0.role,u1_0.status from users u1_0 where u1_0.name=?
Hibernate: select u1_0.id,u1_0.email,u1_0.name,u1_0.password,u1_0.role,u1_0.status from users u1_0 where u1_0.name=?
Hibernate: select u1_0.id,u1_0.email,u1_0.name,u1_0.password,u1_0.role,u1_0.status from users u1_0 where u1_0.name=?
Hibernate: select e1_0.id,e1_0.case_id,e1_0.created_at,e1_0.created_by,e1_0.description,e1_0.file_url,e1_0.type,e1_0.updated_at,e1_0.updated_by from evidence e1_0 where e1_0.id=?
Hibernate: insert into log_entry (action,entity_id,entity_type,new_value,performed_by,previous_value,timestamp) values (?,?,?,?,?,?,?)
Hibernate: update evidence set case_id=?,description=?,file_url=?,type=?,updated_at=?,updated_by=? where id=?
2026-03-25T11:40:57.702+05:30 ERROR 25560 --- [crime-management] [nio-8080-exec-1] o.a.c.c.C.[.[.[/].[dispatcherServlet]    : Servlet.service() for servlet [dispatcherServlet] in context with path [] threw exception

io.jsonwebtoken.security.SignatureException: JWT signature does not match locally computed signature. JWT validity cannot be asserted and should not be trusted.
	at io.jsonwebtoken.impl.DefaultJwtParser.parse(DefaultJwtParser.java:399) ~[jjwt-impl-0.11.5.jar:0.11.5]
	at io.jsonwebtoken.impl.DefaultJwtParser.parse(DefaultJwtParser.java:529) ~[jjwt-impl-0.11.5.jar:0.11.5]
	at io.jsonwebtoken.impl.DefaultJwtParser.parseClaimsJws(DefaultJwtParser.java:589) ~[jjwt-impl-0.11.5.jar:0.11.5]
	at io.jsonwebtoken.impl.ImmutableJwtParser.parseClaimsJws(ImmutableJwtParser.java:173) ~[jjwt-impl-0.11.5.jar:0.11.5]
	at com.animesh.crime_management.security.JwtUtil.extractAllClaims(JwtUtil.java:49) ~[classes/:na]
	at com.animesh.crime_management.security.JwtUtil.extractClaim(JwtUtil.java:41) ~[classes/:na]
	at com.animesh.crime_management.security.JwtUtil.extractUsername(JwtUtil.java:29) ~[classes/:na]
	at com.animesh.crime_management.security.JwtFilter.doFilterInternal(JwtFilter.java:35) ~[classes/:na]
	at org.springframework.web.filter.OncePerRequestFilter.doFilter(OncePerRequestFilter.java:116) ~[spring-web-7.0.6.jar:7.0.6]
	at org.springframework.security.web.FilterChainProxy$VirtualFilterChain.doFilter(FilterChainProxy.java:380) ~[spring-security-web-7.0.4.jar:7.0.4]
	at org.springframework.security.web.authentication.logout.LogoutFilter.doFilter(LogoutFilter.java:110) ~[spring-security-web-7.0.4.jar:7.0.4]
	at org.springframework.security.web.authentication.logout.LogoutFilter.doFilter(LogoutFilter.java:96) ~[spring-security-web-7.0.4.jar:7.0.4]
	at org.springframework.security.web.FilterChainProxy$VirtualFilterChain.doFilter(FilterChainProxy.java:380) ~[spring-security-web-7.0.4.jar:7.0.4]
	at org.springframework.web.filter.CorsFilter.doFilterInternal(CorsFilter.java:91) ~[spring-web-7.0.6.jar:7.0.6]
	at org.springframework.web.filter.OncePerRequestFilter.doFilter(OncePerRequestFilter.java:116) ~[spring-web-7.0.6.jar:7.0.6]
	at org.springframework.security.web.FilterChainProxy$VirtualFilterChain.doFilter(FilterChainProxy.java:380) ~[spring-security-web-7.0.4.jar:7.0.4]
	at org.springframework.security.web.header.HeaderWriterFilter.doHeadersAfter(HeaderWriterFilter.java:90) ~[spring-security-web-7.0.4.jar:7.0.4]
	at org.springframework.security.web.header.HeaderWriterFilter.doFilterInternal(HeaderWriterFilter.java:75) ~[spring-security-web-7.0.4.jar:7.0.4]
	at org.springframework.web.filter.OncePerRequestFilter.doFilter(OncePerRequestFilter.java:116) ~[spring-web-7.0.6.jar:7.0.6]
	at org.springframework.security.web.FilterChainProxy$VirtualFilterChain.doFilter(FilterChainProxy.java:380) ~[spring-security-web-7.0.4.jar:7.0.4]
	at org.springframework.security.web.context.SecurityContextHolderFilter.doFilter(SecurityContextHolderFilter.java:82) ~[spring-security-web-7.0.4.jar:7.0.4]
	at org.springframework.security.web.context.SecurityContextHolderFilter.doFilter(SecurityContextHolderFilter.java:69) ~[spring-security-web-7.0.4.jar:7.0.4]
	at org.springframework.security.web.FilterChainProxy$VirtualFilterChain.doFilter(FilterChainProxy.java:380) ~[spring-security-web-7.0.4.jar:7.0.4]
	at org.springframework.security.web.context.request.async.WebAsyncManagerIntegrationFilter.doFilterInternal(WebAsyncManagerIntegrationFilter.java:62) ~[spring-security-web-7.0.4.jar:7.0.4]
	at org.springframework.web.filter.OncePerRequestFilter.doFilter(OncePerRequestFilter.java:116) ~[spring-web-7.0.6.jar:7.0.6]
	at org.springframework.security.web.FilterChainProxy$VirtualFilterChain.doFilter(FilterChainProxy.java:380) ~[spring-security-web-7.0.4.jar:7.0.4]
	at org.springframework.security.web.session.DisableEncodeUrlFilter.doFilterInternal(DisableEncodeUrlFilter.java:42) ~[spring-security-web-7.0.4.jar:7.0.4]
	at org.springframework.web.filter.OncePerRequestFilter.doFilter(OncePerRequestFilter.java:116) ~[spring-web-7.0.6.jar:7.0.6]
	at org.springframework.security.web.FilterChainProxy$VirtualFilterChain.doFilter(FilterChainProxy.java:380) ~[spring-security-web-7.0.4.jar:7.0.4]
	at org.springframework.security.web.FilterChainProxy.doFilterInternal(FilterChainProxy.java:237) ~[spring-security-web-7.0.4.jar:7.0.4]
	at org.springframework.security.web.FilterChainProxy.doFilter(FilterChainProxy.java:195) ~[spring-security-web-7.0.4.jar:7.0.4]
	at org.springframework.web.filter.CompositeFilter$VirtualFilterChain.doFilter(CompositeFilter.java:113) ~[spring-web-7.0.6.jar:7.0.6]
	at org.springframework.web.filter.ServletRequestPathFilter.doFilter(ServletRequestPathFilter.java:52) ~[spring-web-7.0.6.jar:7.0.6]
	at org.springframework.web.filter.CompositeFilter$VirtualFilterChain.doFilter(CompositeFilter.java:113) ~[spring-web-7.0.6.jar:7.0.6]
	at org.springframework.web.filter.CompositeFilter.doFilter(CompositeFilter.java:74) ~[spring-web-7.0.6.jar:7.0.6]
	at org.springframework.security.config.annotation.web.configuration.WebSecurityConfiguration$CompositeFilterChainProxy.doFilter(WebSecurityConfiguration.java:317) ~[spring-security-config-7.0.4.jar:7.0.4]
	at org.springframework.web.filter.DelegatingFilterProxy.invokeDelegate(DelegatingFilterProxy.java:355) ~[spring-web-7.0.6.jar:7.0.6]
	at org.springframework.web.filter.DelegatingFilterProxy.doFilter(DelegatingFilterProxy.java:272) ~[spring-web-7.0.6.jar:7.0.6]
	at org.apache.catalina.core.ApplicationFilterChain.doFilter(ApplicationFilterChain.java:107) ~[tomcat-embed-core-11.0.18.jar:11.0.18]
	at org.springframework.web.filter.RequestContextFilter.doFilterInternal(RequestContextFilter.java:100) ~[spring-web-7.0.6.jar:7.0.6]
	at org.springframework.web.filter.OncePerRequestFilter.doFilter(OncePerRequestFilter.java:116) ~[spring-web-7.0.6.jar:7.0.6]
	at org.apache.catalina.core.ApplicationFilterChain.doFilter(ApplicationFilterChain.java:107) ~[tomcat-embed-core-11.0.18.jar:11.0.18]
	at org.springframework.web.filter.FormContentFilter.doFilterInternal(FormContentFilter.java:93) ~[spring-web-7.0.6.jar:7.0.6]
	at org.springframework.web.filter.OncePerRequestFilter.doFilter(OncePerRequestFilter.java:116) ~[spring-web-7.0.6.jar:7.0.6]
	at org.apache.catalina.core.ApplicationFilterChain.doFilter(ApplicationFilterChain.java:107) ~[tomcat-embed-core-11.0.18.jar:11.0.18]
	at org.springframework.web.filter.CharacterEncodingFilter.doFilterInternal(CharacterEncodingFilter.java:199) ~[spring-web-7.0.6.jar:7.0.6]
	at org.springframework.web.filter.OncePerRequestFilter.doFilter(OncePerRequestFilter.java:116) ~[spring-web-7.0.6.jar:7.0.6]
	at org.apache.catalina.core.ApplicationFilterChain.doFilter(ApplicationFilterChain.java:107) ~[tomcat-embed-core-11.0.18.jar:11.0.18]
	at org.apache.catalina.core.StandardWrapperValve.invoke(StandardWrapperValve.java:165) ~[tomcat-embed-core-11.0.18.jar:11.0.18]
	at org.apache.catalina.core.StandardContextValve.invoke(StandardContextValve.java:77) ~[tomcat-embed-core-11.0.18.jar:11.0.18]
	at org.apache.catalina.authenticator.AuthenticatorBase.invoke(AuthenticatorBase.java:492) ~[tomcat-embed-core-11.0.18.jar:11.0.18]
	at org.apache.catalina.core.StandardHostValve.invoke(StandardHostValve.java:113) ~[tomcat-embed-core-11.0.18.jar:11.0.18]
	at org.apache.catalina.valves.ErrorReportValve.invoke(ErrorReportValve.java:83) ~[tomcat-embed-core-11.0.18.jar:11.0.18]
	at org.apache.catalina.core.StandardEngineValve.invoke(StandardEngineValve.java:72) ~[tomcat-embed-core-11.0.18.jar:11.0.18]
	at org.apache.catalina.connector.CoyoteAdapter.service(CoyoteAdapter.java:341) ~[tomcat-embed-core-11.0.18.jar:11.0.18]
	at org.apache.coyote.http11.Http11Processor.service(Http11Processor.java:397) ~[tomcat-embed-core-11.0.18.jar:11.0.18]
	at org.apache.coyote.AbstractProcessorLight.process(AbstractProcessorLight.java:63) ~[tomcat-embed-core-11.0.18.jar:11.0.18]
	at org.apache.coyote.AbstractProtocol$ConnectionHandler.process(AbstractProtocol.java:903) ~[tomcat-embed-core-11.0.18.jar:11.0.18]
	at org.apache.tomcat.util.net.NioEndpoint$SocketProcessor.doRun(NioEndpoint.java:1779) ~[tomcat-embed-core-11.0.18.jar:11.0.18]
	at org.apache.tomcat.util.net.SocketProcessorBase.run(SocketProcessorBase.java:52) ~[tomcat-embed-core-11.0.18.jar:11.0.18]
	at org.apache.tomcat.util.threads.ThreadPoolExecutor.runWorker(ThreadPoolExecutor.java:946) ~[tomcat-embed-core-11.0.18.jar:11.0.18]
	at org.apache.tomcat.util.threads.ThreadPoolExecutor$Worker.run(ThreadPoolExecutor.java:480) ~[tomcat-embed-core-11.0.18.jar:11.0.18]
	at org.apache.tomcat.util.threads.TaskThread$WrappingRunnable.run(TaskThread.java:57) ~[tomcat-embed-core-11.0.18.jar:11.0.18]
	at java.base/java.lang.Thread.run(Thread.java:842) ~[na:na]

2026-03-25T11:40:57.721+05:30 ERROR 25560 --- [crime-management] [nio-8080-exec-2] o.a.c.c.C.[.[.[/].[dispatcherServlet]    : Servlet.service() for servlet [dispatcherServlet] in context with path [] threw exception

io.jsonwebtoken.security.SignatureException: JWT signature does not match locally computed signature. JWT validity cannot be asserted and should not be trusted.
	at io.jsonwebtoken.impl.DefaultJwtParser.parse(DefaultJwtParser.java:399) ~[jjwt-impl-0.11.5.jar:0.11.5]
	at io.jsonwebtoken.impl.DefaultJwtParser.parse(DefaultJwtParser.java:529) ~[jjwt-impl-0.11.5.jar:0.11.5]
	at io.jsonwebtoken.impl.DefaultJwtParser.parseClaimsJws(DefaultJwtParser.java:589) ~[jjwt-impl-0.11.5.jar:0.11.5]
	at io.jsonwebtoken.impl.ImmutableJwtParser.parseClaimsJws(ImmutableJwtParser.java:173) ~[jjwt-impl-0.11.5.jar:0.11.5]
	at com.animesh.crime_management.security.JwtUtil.extractAllClaims(JwtUtil.java:49) ~[classes/:na]
	at com.animesh.crime_management.security.JwtUtil.extractClaim(JwtUtil.java:41) ~[classes/:na]
	at com.animesh.crime_management.security.JwtUtil.extractUsername(JwtUtil.java:29) ~[classes/:na]
	at com.animesh.crime_management.security.JwtFilter.doFilterInternal(JwtFilter.java:35) ~[classes/:na]
	at org.springframework.web.filter.OncePerRequestFilter.doFilter(OncePerRequestFilter.java:116) ~[spring-web-7.0.6.jar:7.0.6]
	at org.springframework.security.web.FilterChainProxy$VirtualFilterChain.doFilter(FilterChainProxy.java:380) ~[spring-security-web-7.0.4.jar:7.0.4]
	at org.springframework.security.web.authentication.logout.LogoutFilter.doFilter(LogoutFilter.java:110) ~[spring-security-web-7.0.4.jar:7.0.4]
	at org.springframework.security.web.authentication.logout.LogoutFilter.doFilter(LogoutFilter.java:96) ~[spring-security-web-7.0.4.jar:7.0.4]
	at org.springframework.security.web.FilterChainProxy$VirtualFilterChain.doFilter(FilterChainProxy.java:380) ~[spring-security-web-7.0.4.jar:7.0.4]
	at org.springframework.web.filter.CorsFilter.doFilterInternal(CorsFilter.java:91) ~[spring-web-7.0.6.jar:7.0.6]
	at org.springframework.web.filter.OncePerRequestFilter.doFilter(OncePerRequestFilter.java:116) ~[spring-web-7.0.6.jar:7.0.6]
	at org.springframework.security.web.FilterChainProxy$VirtualFilterChain.doFilter(FilterChainProxy.java:380) ~[spring-security-web-7.0.4.jar:7.0.4]
	at org.springframework.security.web.header.HeaderWriterFilter.doHeadersAfter(HeaderWriterFilter.java:90) ~[spring-security-web-7.0.4.jar:7.0.4]
	at org.springframework.security.web.header.HeaderWriterFilter.doFilterInternal(HeaderWriterFilter.java:75) ~[spring-security-web-7.0.4.jar:7.0.4]
	at org.springframework.web.filter.OncePerRequestFilter.doFilter(OncePerRequestFilter.java:116) ~[spring-web-7.0.6.jar:7.0.6]
	at org.springframework.security.web.FilterChainProxy$VirtualFilterChain.doFilter(FilterChainProxy.java:380) ~[spring-security-web-7.0.4.jar:7.0.4]
	at org.springframework.security.web.context.SecurityContextHolderFilter.doFilter(SecurityContextHolderFilter.java:82) ~[spring-security-web-7.0.4.jar:7.0.4]
	at org.springframework.security.web.context.SecurityContextHolderFilter.doFilter(SecurityContextHolderFilter.java:69) ~[spring-security-web-7.0.4.jar:7.0.4]
	at org.springframework.security.web.FilterChainProxy$VirtualFilterChain.doFilter(FilterChainProxy.java:380) ~[spring-security-web-7.0.4.jar:7.0.4]
	at org.springframework.security.web.context.request.async.WebAsyncManagerIntegrationFilter.doFilterInternal(WebAsyncManagerIntegrationFilter.java:62) ~[spring-security-web-7.0.4.jar:7.0.4]
	at org.springframework.web.filter.OncePerRequestFilter.doFilter(OncePerRequestFilter.java:116) ~[spring-web-7.0.6.jar:7.0.6]
	at org.springframework.security.web.FilterChainProxy$VirtualFilterChain.doFilter(FilterChainProxy.java:380) ~[spring-security-web-7.0.4.jar:7.0.4]
	at org.springframework.security.web.session.DisableEncodeUrlFilter.doFilterInternal(DisableEncodeUrlFilter.java:42) ~[spring-security-web-7.0.4.jar:7.0.4]
	at org.springframework.web.filter.OncePerRequestFilter.doFilter(OncePerRequestFilter.java:116) ~[spring-web-7.0.6.jar:7.0.6]
	at org.springframework.security.web.FilterChainProxy$VirtualFilterChain.doFilter(FilterChainProxy.java:380) ~[spring-security-web-7.0.4.jar:7.0.4]
	at org.springframework.security.web.FilterChainProxy.doFilterInternal(FilterChainProxy.java:237) ~[spring-security-web-7.0.4.jar:7.0.4]
	at org.springframework.security.web.FilterChainProxy.doFilter(FilterChainProxy.java:195) ~[spring-security-web-7.0.4.jar:7.0.4]
	at org.springframework.web.filter.CompositeFilter$VirtualFilterChain.doFilter(CompositeFilter.java:113) ~[spring-web-7.0.6.jar:7.0.6]
	at org.springframework.web.filter.ServletRequestPathFilter.doFilter(ServletRequestPathFilter.java:52) ~[spring-web-7.0.6.jar:7.0.6]
	at org.springframework.web.filter.CompositeFilter$VirtualFilterChain.doFilter(CompositeFilter.java:113) ~[spring-web-7.0.6.jar:7.0.6]
	at org.springframework.web.filter.CompositeFilter.doFilter(CompositeFilter.java:74) ~[spring-web-7.0.6.jar:7.0.6]
	at org.springframework.security.config.annotation.web.configuration.WebSecurityConfiguration$CompositeFilterChainProxy.doFilter(WebSecurityConfiguration.java:317) ~[spring-security-config-7.0.4.jar:7.0.4]
	at org.springframework.web.filter.DelegatingFilterProxy.invokeDelegate(DelegatingFilterProxy.java:355) ~[spring-web-7.0.6.jar:7.0.6]
	at org.springframework.web.filter.DelegatingFilterProxy.doFilter(DelegatingFilterProxy.java:272) ~[spring-web-7.0.6.jar:7.0.6]
	at org.apache.catalina.core.ApplicationFilterChain.doFilter(ApplicationFilterChain.java:107) ~[tomcat-embed-core-11.0.18.jar:11.0.18]
	at org.springframework.web.filter.RequestContextFilter.doFilterInternal(RequestContextFilter.java:100) ~[spring-web-7.0.6.jar:7.0.6]
	at org.springframework.web.filter.OncePerRequestFilter.doFilter(OncePerRequestFilter.java:116) ~[spring-web-7.0.6.jar:7.0.6]
	at org.apache.catalina.core.ApplicationFilterChain.doFilter(ApplicationFilterChain.java:107) ~[tomcat-embed-core-11.0.18.jar:11.0.18]
	at org.springframework.web.filter.FormContentFilter.doFilterInternal(FormContentFilter.java:93) ~[spring-web-7.0.6.jar:7.0.6]
	at org.springframework.web.filter.OncePerRequestFilter.doFilter(OncePerRequestFilter.java:116) ~[spring-web-7.0.6.jar:7.0.6]
	at org.apache.catalina.core.ApplicationFilterChain.doFilter(ApplicationFilterChain.java:107) ~[tomcat-embed-core-11.0.18.jar:11.0.18]
	at org.springframework.web.filter.CharacterEncodingFilter.doFilterInternal(CharacterEncodingFilter.java:199) ~[spring-web-7.0.6.jar:7.0.6]
	at org.springframework.web.filter.OncePerRequestFilter.doFilter(OncePerRequestFilter.java:116) ~[spring-web-7.0.6.jar:7.0.6]
	at org.apache.catalina.core.ApplicationFilterChain.doFilter(ApplicationFilterChain.java:107) ~[tomcat-embed-core-11.0.18.jar:11.0.18]
	at org.apache.catalina.core.StandardWrapperValve.invoke(StandardWrapperValve.java:165) ~[tomcat-embed-core-11.0.18.jar:11.0.18]
	at org.apache.catalina.core.StandardContextValve.invoke(StandardContextValve.java:77) ~[tomcat-embed-core-11.0.18.jar:11.0.18]
	at org.apache.catalina.authenticator.AuthenticatorBase.invoke(AuthenticatorBase.java:492) ~[tomcat-embed-core-11.0.18.jar:11.0.18]
	at org.apache.catalina.core.StandardHostValve.invoke(StandardHostValve.java:113) ~[tomcat-embed-core-11.0.18.jar:11.0.18]
	at org.apache.catalina.valves.ErrorReportValve.invoke(ErrorReportValve.java:83) ~[tomcat-embed-core-11.0.18.jar:11.0.18]
	at org.apache.catalina.core.StandardEngineValve.invoke(StandardEngineValve.java:72) ~[tomcat-embed-core-11.0.18.jar:11.0.18]
	at org.apache.catalina.connector.CoyoteAdapter.service(CoyoteAdapter.java:341) ~[tomcat-embed-core-11.0.18.jar:11.0.18]
	at org.apache.coyote.http11.Http11Processor.service(Http11Processor.java:397) ~[tomcat-embed-core-11.0.18.jar:11.0.18]
	at org.apache.coyote.AbstractProcessorLight.process(AbstractProcessorLight.java:63) ~[tomcat-embed-core-11.0.18.jar:11.0.18]
	at org.apache.coyote.AbstractProtocol$ConnectionHandler.process(AbstractProtocol.java:903) ~[tomcat-embed-core-11.0.18.jar:11.0.18]
	at org.apache.tomcat.util.net.NioEndpoint$SocketProcessor.doRun(NioEndpoint.java:1779) ~[tomcat-embed-core-11.0.18.jar:11.0.18]
	at org.apache.tomcat.util.net.SocketProcessorBase.run(SocketProcessorBase.java:52) ~[tomcat-embed-core-11.0.18.jar:11.0.18]
	at org.apache.tomcat.util.threads.ThreadPoolExecutor.runWorker(ThreadPoolExecutor.java:946) ~[tomcat-embed-core-11.0.18.jar:11.0.18]
	at org.apache.tomcat.util.threads.ThreadPoolExecutor$Worker.run(ThreadPoolExecutor.java:480) ~[tomcat-embed-core-11.0.18.jar:11.0.18]
	at org.apache.tomcat.util.threads.TaskThread$WrappingRunnable.run(TaskThread.java:57) ~[tomcat-embed-core-11.0.18.jar:11.0.18]
	at java.base/java.lang.Thread.run(Thread.java:842) ~[na:na]

Hibernate: select u1_0.id,u1_0.email,u1_0.name,u1_0.password,u1_0.role,u1_0.status from users u1_0 where u1_0.name=?
Hibernate: select u1_0.id,u1_0.email,u1_0.name,u1_0.password,u1_0.role,u1_0.status from users u1_0 where u1_0.name=?
Hibernate: select u1_0.id,u1_0.email,u1_0.name,u1_0.password,u1_0.role,u1_0.status from users u1_0 where u1_0.name=?
Hibernate: select count(*) from case_details cd1_0
Hibernate: select count(*) from evidence e1_0
Hibernate: select count(*) from log_entry le1_0
Hibernate: select count(*) from case_details cd1_0
Hibernate: select count(*) from evidence e1_0
Hibernate: select count(*) from log_entry le1_0
Hibernate: select u1_0.id,u1_0.email,u1_0.name,u1_0.password,u1_0.role,u1_0.status from users u1_0
Hibernate: select u1_0.id,u1_0.email,u1_0.name,u1_0.password,u1_0.role,u1_0.status from users u1_0
Hibernate: select e1_0.id,e1_0.case_id,e1_0.created_at,e1_0.created_by,e1_0.description,e1_0.file_url,e1_0.type,e1_0.updated_at,e1_0.updated_by from evidence e1_0 where e1_0.case_id=?
Hibernate: select le1_0.id,le1_0.action,le1_0.entity_id,le1_0.entity_type,le1_0.new_value,le1_0.performed_by,le1_0.previous_value,le1_0.timestamp from log_entry le1_0
Hibernate: select le1_0.id,le1_0.action,le1_0.entity_id,le1_0.entity_type,le1_0.new_value,le1_0.performed_by,le1_0.previous_value,le1_0.timestamp from log_entry le1_0
Hibernate: select le1_0.id,le1_0.action,le1_0.entity_id,le1_0.entity_type,le1_0.new_value,le1_0.performed_by,le1_0.previous_value,le1_0.timestamp from log_entry le1_0
Hibernate: select le1_0.id,le1_0.action,le1_0.entity_id,le1_0.entity_type,le1_0.new_value,le1_0.performed_by,le1_0.previous_value,le1_0.timestamp from log_entry le1_0
Hibernate: select le1_0.id,le1_0.action,le1_0.entity_id,le1_0.entity_type,le1_0.new_value,le1_0.performed_by,le1_0.previous_value,le1_0.timestamp from log_entry le1_0 where le1_0.performed_by=?
Hibernate: select le1_0.id,le1_0.action,le1_0.entity_id,le1_0.entity_type,le1_0.new_value,le1_0.performed_by,le1_0.previous_value,le1_0.timestamp from log_entry le1_0 where le1_0.performed_by=?
Hibernate: select u1_0.id,u1_0.email,u1_0.name,u1_0.password,u1_0.role,u1_0.status from users u1_0
Hibernate: select u1_0.id,u1_0.email,u1_0.name,u1_0.password,u1_0.role,u1_0.status from users u1_0
Hibernate: select u1_0.id,u1_0.email,u1_0.name,u1_0.password,u1_0.role,u1_0.status from users u1_0 where u1_0.id=?
Hibernate: update users set email=?,name=?,password=?,role=?,status=? where id=?
Hibernate: select u1_0.id,u1_0.email,u1_0.name,u1_0.password,u1_0.role,u1_0.status from users u1_0
Hibernate: select count(*) from case_details cd1_0
Hibernate: select count(*) from evidence e1_0
Hibernate: select count(*) from log_entry le1_0
Hibernate: select count(*) from case_details cd1_0
Hibernate: select count(*) from evidence e1_0
Hibernate: select count(*) from log_entry le1_0
2026-03-25T11:50:24.568+05:30  WARN 25560 --- [crime-management] [nio-8080-exec-1] .w.s.m.s.DefaultHandlerExceptionResolver : Resolved [org.springframework.web.multipart.MaxUploadSizeExceededException: Maximum upload size exceeded]
Hibernate: select u1_0.id,u1_0.email,u1_0.name,u1_0.password,u1_0.role,u1_0.status from users u1_0 where u1_0.name=?
Hibernate: select u1_0.id,u1_0.email,u1_0.name,u1_0.password,u1_0.role,u1_0.status from users u1_0 where u1_0.name=?
Hibernate: select u1_0.id,u1_0.email,u1_0.name,u1_0.password,u1_0.role,u1_0.status from users u1_0 where u1_0.name=?
Hibernate: select count(*) from case_details cd1_0
Hibernate: select count(*) from evidence e1_0
Hibernate: select count(*) from log_entry le1_0
Hibernate: select count(*) from case_details cd1_0
Hibernate: select count(*) from evidence e1_0
Hibernate: select count(*) from log_entry le1_0
Hibernate: select le1_0.id,le1_0.action,le1_0.entity_id,le1_0.entity_type,le1_0.new_value,le1_0.performed_by,le1_0.previous_value,le1_0.timestamp from log_entry le1_0
Hibernate: select le1_0.id,le1_0.action,le1_0.entity_id,le1_0.entity_type,le1_0.new_value,le1_0.performed_by,le1_0.previous_value,le1_0.timestamp from log_entry le1_0
Hibernate: select e1_0.id,e1_0.case_id,e1_0.created_at,e1_0.created_by,e1_0.description,e1_0.file_url,e1_0.type,e1_0.updated_at,e1_0.updated_by from evidence e1_0 where e1_0.case_id=?
Hibernate: select e1_0.id,e1_0.case_id,e1_0.created_at,e1_0.created_by,e1_0.description,e1_0.file_url,e1_0.type,e1_0.updated_at,e1_0.updated_by from evidence e1_0 where e1_0.case_id=?
Hibernate: select e1_0.id,e1_0.case_id,e1_0.created_at,e1_0.created_by,e1_0.description,e1_0.file_url,e1_0.type,e1_0.updated_at,e1_0.updated_by from evidence e1_0 where e1_0.case_id=?
2026-03-25T11:51:29.570+05:30  WARN 25560 --- [crime-management] [nio-8080-exec-7] .w.s.m.s.DefaultHandlerExceptionResolver : Resolved [org.springframework.web.multipart.MaxUploadSizeExceededException: Maximum upload size exceeded]
Hibernate: select u1_0.id,u1_0.email,u1_0.name,u1_0.password,u1_0.role,u1_0.status from users u1_0 where u1_0.name=?
Hibernate: select u1_0.id,u1_0.email,u1_0.name,u1_0.password,u1_0.role,u1_0.status from users u1_0 where u1_0.name=?
Hibernate: select u1_0.id,u1_0.email,u1_0.name,u1_0.password,u1_0.role,u1_0.status from users u1_0 where u1_0.name=?
Hibernate: select count(*) from case_details cd1_0
Hibernate: select count(*) from evidence e1_0
Hibernate: select count(*) from log_entry le1_0
Hibernate: select count(*) from case_details cd1_0
Hibernate: select count(*) from evidence e1_0
Hibernate: select count(*) from log_entry le1_0
Hibernate: select count(*) from case_details cd1_0
Hibernate: select count(*) from evidence e1_0
Hibernate: select count(*) from log_entry le1_0
Hibernate: select count(*) from case_details cd1_0
Hibernate: select count(*) from evidence e1_0
Hibernate: select count(*) from log_entry le1_0
Hibernate: select u1_0.id,u1_0.email,u1_0.name,u1_0.password,u1_0.role,u1_0.status from users u1_0 where u1_0.name=?
Hibernate: select u1_0.id,u1_0.email,u1_0.name,u1_0.password,u1_0.role,u1_0.status from users u1_0 where u1_0.email=?
Hibernate: select u1_0.id,u1_0.email,u1_0.name,u1_0.password,u1_0.role,u1_0.status from users u1_0 where u1_0.name=?
Hibernate: select u1_0.id,u1_0.email,u1_0.name,u1_0.password,u1_0.role,u1_0.status from users u1_0 where u1_0.name=?
Hibernate: select u1_0.id,u1_0.email,u1_0.name,u1_0.password,u1_0.role,u1_0.status from users u1_0 where u1_0.name=?
Hibernate: select count(*) from case_details cd1_0
Hibernate: select count(*) from evidence e1_0
Hibernate: select count(*) from log_entry le1_0
Hibernate: select count(*) from case_details cd1_0
Hibernate: select count(*) from evidence e1_0
Hibernate: select count(*) from log_entry le1_0
Hibernate: insert into evidence (case_id,created_at,created_by,description,file_url,type,updated_at,updated_by) values (?,?,?,?,?,?,?,?)
Hibernate: insert into log_entry (action,entity_id,entity_type,new_value,performed_by,previous_value,timestamp) values (?,?,?,?,?,?,?)
Hibernate: select e1_0.id,e1_0.case_id,e1_0.created_at,e1_0.created_by,e1_0.description,e1_0.file_url,e1_0.type,e1_0.updated_at,e1_0.updated_by from evidence e1_0 where e1_0.case_id=?
2026-03-25T12:01:00.042+05:30  WARN 25560 --- [crime-management] [nio-8080-exec-5] .w.s.m.s.DefaultHandlerExceptionResolver : Resolved [org.springframework.web.multipart.MaxUploadSizeExceededException: Maximum upload size exceeded]
Hibernate: insert into evidence (case_id,created_at,created_by,description,file_url,type,updated_at,updated_by) values (?,?,?,?,?,?,?,?)
Hibernate: insert into log_entry (action,entity_id,entity_type,new_value,performed_by,previous_value,timestamp) values (?,?,?,?,?,?,?)
Hibernate: insert into evidence (case_id,created_at,created_by,description,file_url,type,updated_at,updated_by) values (?,?,?,?,?,?,?,?)
Hibernate: insert into log_entry (action,entity_id,entity_type,new_value,performed_by,previous_value,timestamp) values (?,?,?,?,?,?,?)
Hibernate: select count(*) from case_details cd1_0
Hibernate: select count(*) from evidence e1_0
Hibernate: select count(*) from log_entry le1_0
Hibernate: select count(*) from case_details cd1_0
Hibernate: select count(*) from evidence e1_0
Hibernate: select count(*) from log_entry le1_0
Hibernate: select le1_0.id,le1_0.action,le1_0.entity_id,le1_0.entity_type,le1_0.new_value,le1_0.performed_by,le1_0.previous_value,le1_0.timestamp from log_entry le1_0
Hibernate: select le1_0.id,le1_0.action,le1_0.entity_id,le1_0.entity_type,le1_0.new_value,le1_0.performed_by,le1_0.previous_value,le1_0.timestamp from log_entry le1_0
Hibernate: select le1_0.id,le1_0.action,le1_0.entity_id,le1_0.entity_type,le1_0.new_value,le1_0.performed_by,le1_0.previous_value,le1_0.timestamp from log_entry le1_0
Hibernate: select le1_0.id,le1_0.action,le1_0.entity_id,le1_0.entity_type,le1_0.new_value,le1_0.performed_by,le1_0.previous_value,le1_0.timestamp from log_entry le1_0
Hibernate: select e1_0.id,e1_0.case_id,e1_0.created_at,e1_0.created_by,e1_0.description,e1_0.file_url,e1_0.type,e1_0.updated_at,e1_0.updated_by from evidence e1_0 where e1_0.case_id=?
Hibernate: select le1_0.id,le1_0.action,le1_0.entity_id,le1_0.entity_type,le1_0.new_value,le1_0.performed_by,le1_0.previous_value,le1_0.timestamp from log_entry le1_0
Hibernate: select le1_0.id,le1_0.action,le1_0.entity_id,le1_0.entity_type,le1_0.new_value,le1_0.performed_by,le1_0.previous_value,le1_0.timestamp from log_entry le1_0
Hibernate: select e1_0.id,e1_0.case_id,e1_0.created_at,e1_0.created_by,e1_0.description,e1_0.file_url,e1_0.type,e1_0.updated_at,e1_0.updated_by from evidence e1_0 where e1_0.case_id=?
Hibernate: select le1_0.id,le1_0.action,le1_0.entity_id,le1_0.entity_type,le1_0.new_value,le1_0.performed_by,le1_0.previous_value,le1_0.timestamp from log_entry le1_0
Hibernate: select le1_0.id,le1_0.action,le1_0.entity_id,le1_0.entity_type,le1_0.new_value,le1_0.performed_by,le1_0.previous_value,le1_0.timestamp from log_entry le1_0
Hibernate: select le1_0.id,le1_0.action,le1_0.entity_id,le1_0.entity_type,le1_0.new_value,le1_0.performed_by,le1_0.previous_value,le1_0.timestamp from log_entry le1_0
Hibernate: select le1_0.id,le1_0.action,le1_0.entity_id,le1_0.entity_type,le1_0.new_value,le1_0.performed_by,le1_0.previous_value,le1_0.timestamp from log_entry le1_0
Hibernate: select e1_0.id,e1_0.case_id,e1_0.created_at,e1_0.created_by,e1_0.description,e1_0.file_url,e1_0.type,e1_0.updated_at,e1_0.updated_by from evidence e1_0 where e1_0.case_id=?
Hibernate: select e1_0.id,e1_0.case_id,e1_0.created_at,e1_0.created_by,e1_0.description,e1_0.file_url,e1_0.type,e1_0.updated_at,e1_0.updated_by from evidence e1_0 where e1_0.case_id=?
Hibernate: select le1_0.id,le1_0.action,le1_0.entity_id,le1_0.entity_type,le1_0.new_value,le1_0.performed_by,le1_0.previous_value,le1_0.timestamp from log_entry le1_0
Hibernate: select le1_0.id,le1_0.action,le1_0.entity_id,le1_0.entity_type,le1_0.new_value,le1_0.performed_by,le1_0.previous_value,le1_0.timestamp from log_entry le1_0
Hibernate: select count(*) from case_details cd1_0
Hibernate: select count(*) from evidence e1_0
Hibernate: select count(*) from log_entry le1_0
Hibernate: select count(*) from case_details cd1_0
Hibernate: select count(*) from evidence e1_0
Hibernate: select count(*) from log_entry le1_0
Hibernate: select le1_0.id,le1_0.action,le1_0.entity_id,le1_0.entity_type,le1_0.new_value,le1_0.performed_by,le1_0.previous_value,le1_0.timestamp from log_entry le1_0
Hibernate: select le1_0.id,le1_0.action,le1_0.entity_id,le1_0.entity_type,le1_0.new_value,le1_0.performed_by,le1_0.previous_value,le1_0.timestamp from log_entry le1_0
Hibernate: select count(*) from case_details cd1_0
Hibernate: select count(*) from evidence e1_0
Hibernate: select count(*) from log_entry le1_0
Hibernate: select count(*) from case_details cd1_0
Hibernate: select count(*) from evidence e1_0
Hibernate: select count(*) from log_entry le1_0
Hibernate: select le1_0.id,le1_0.action,le1_0.entity_id,le1_0.entity_type,le1_0.new_value,le1_0.performed_by,le1_0.previous_value,le1_0.timestamp from log_entry le1_0
Hibernate: select le1_0.id,le1_0.action,le1_0.entity_id,le1_0.entity_type,le1_0.new_value,le1_0.performed_by,le1_0.previous_value,le1_0.timestamp from log_entry le1_0
Hibernate: select e1_0.id,e1_0.case_id,e1_0.created_at,e1_0.created_by,e1_0.description,e1_0.file_url,e1_0.type,e1_0.updated_at,e1_0.updated_by from evidence e1_0 where e1_0.case_id=?
Hibernate: insert into evidence (case_id,created_at,created_by,description,file_url,type,updated_at,updated_by) values (?,?,?,?,?,?,?,?)
Hibernate: insert into log_entry (action,entity_id,entity_type,new_value,performed_by,previous_value,timestamp) values (?,?,?,?,?,?,?)
Hibernate: select e1_0.id,e1_0.case_id,e1_0.created_at,e1_0.created_by,e1_0.description,e1_0.file_url,e1_0.type,e1_0.updated_at,e1_0.updated_by from evidence e1_0 where e1_0.case_id=?
Hibernate: select le1_0.id,le1_0.action,le1_0.entity_id,le1_0.entity_type,le1_0.new_value,le1_0.performed_by,le1_0.previous_value,le1_0.timestamp from log_entry le1_0
Hibernate: select le1_0.id,le1_0.action,le1_0.entity_id,le1_0.entity_type,le1_0.new_value,le1_0.performed_by,le1_0.previous_value,le1_0.timestamp from log_entry le1_0
Hibernate: select count(*) from case_details cd1_0
Hibernate: select count(*) from evidence e1_0
Hibernate: select count(*) from log_entry le1_0
Hibernate: select count(*) from case_details cd1_0
Hibernate: select count(*) from evidence e1_0
Hibernate: select count(*) from log_entry le1_0
Hibernate: select u1_0.id,u1_0.email,u1_0.name,u1_0.password,u1_0.role,u1_0.status from users u1_0
Hibernate: select u1_0.id,u1_0.email,u1_0.name,u1_0.password,u1_0.role,u1_0.status from users u1_0
